0 info it worked if it ends with ok
1 verbose cli [ 'C:\\Program Files\\nodejs\\node.exe',
1 verbose cli   'C:\\Program Files\\nodejs\\node_modules\\npm\\bin\\npm-cli.js',
1 verbose cli   'run',
1 verbose cli   'lint' ]
2 info using npm@3.8.9
3 info using node@v6.2.0
4 verbose run-script [ 'prelint', 'lint', 'postlint' ]
5 info lifecycle mgcnodeexpressproject@1.0.0~prelint: mgcnodeexpressproject@1.0.0
6 silly lifecycle mgcnodeexpressproject@1.0.0~prelint: no script for prelint, continuing
7 info lifecycle mgcnodeexpressproject@1.0.0~lint: mgcnodeexpressproject@1.0.0
8 verbose lifecycle mgcnodeexpressproject@1.0.0~lint: unsafe-perm in lifecycle true
9 verbose lifecycle mgcnodeexpressproject@1.0.0~lint: PATH: C:\Program Files\nodejs\node_modules\npm\bin\node-gyp-bin;G:\mgcSw_DevD__Mongo\Wai-Yin Kwan\mgcNEp\node_modules\.bin;C:\Program Files\nodejs;C:\ProgramData\Oracle\Java\javapath;C:\Program Files\Windows Resource Kits\Tools\;C:\Windows\system32;C:\Windows;C:\Windows\System32\Wbem;C:\Windows\System32\WindowsPowerShell\v1.0\;C:\Program Files\ATI Technologies\ATI.ACE\Core-Static;C:\Program Files\Common Files\HP\Digital Imaging\bin;C:\Program Files\HP\Digital Imaging\bin\;C:\Program Files\HP\Digital Imaging\bin\Qt\Qt 4.3.3;C:\Program Files\Common Files\Acronis\SnapAPI\;C:\Program Files\Intel\DMIX;C:\HashiCorp\Vagrant\bin;C:\Program Files\Windows Kits\8.1\Windows Performance Toolkit\;C:\Program Files\Microsoft SQL Server\110\Tools\Binn\;C:\Program Files\Microsoft SDKs\TypeScript\1.0\;C:\Program Files\Microsoft SQL Server\120\Tools\Binn\;C:\Program Files\Common Files\Microsoft Shared\Windows;C:\Program Files\Windows Live\Shared;C:\Program Files\Common Files\Microsoft Shared\Windows Live C:\Program Files\Git\cmd;C:\Program Files\NVIDIA Corporation\PhysX\Common;C:\Program Files\Heroku\bin;C:\Program Files\nodejs\;C:\Program Files\MongoDB\Server\3.2\bin;D:\mgcSw_DevD\HTML_CSS3_JS\exercism;C:\Python34\Scripts;C:\Program Files\Common Files\Acronis\TibMounter;C:\Program Files\EaseUS\Todo Backup\bin\;bin;C:\Documents and Settings\Currie Win7 Desk\Application Data\npm;C:\Python34\;D:\mgcSw_DevD;D:\mgcSw_DevD\Python;D:\mgcSw_DevD\Node;D:\Go\bin;D:\Go\mgcGo;C:\Program Files\git\cmd;C:\Users\Currie Win7 Desk\AppData\Local\atom\bin;C:\Users\Currie Win7 Desk\AppData\Roaming\npm;C:\Git\cmd
10 verbose lifecycle mgcnodeexpressproject@1.0.0~lint: CWD: G:\mgcSw_DevD__Mongo\Wai-Yin Kwan\mgcNEp
11 silly lifecycle mgcnodeexpressproject@1.0.0~lint: Args: [ '/d /s /c', 'eslint .' ]
12 silly lifecycle mgcnodeexpressproject@1.0.0~lint: Returned: code: 1  signal: null
13 info lifecycle mgcnodeexpressproject@1.0.0~lint: Failed to exec lint script
14 verbose stack Error: mgcnodeexpressproject@1.0.0 lint: `eslint .`
14 verbose stack Exit status 1
14 verbose stack     at EventEmitter.<anonymous> (C:\Program Files\nodejs\node_modules\npm\lib\utils\lifecycle.js:245:16)
14 verbose stack     at emitTwo (events.js:106:13)
14 verbose stack     at EventEmitter.emit (events.js:191:7)
14 verbose stack     at ChildProcess.<anonymous> (C:\Program Files\nodejs\node_modules\npm\lib\utils\spawn.js:24:14)
14 verbose stack     at emitTwo (events.js:106:13)
14 verbose stack     at ChildProcess.emit (events.js:191:7)
14 verbose stack     at maybeClose (internal/child_process.js:850:16)
14 verbose stack     at Process.ChildProcess._handle.onexit (internal/child_process.js:215:5)
15 verbose pkgid mgcnodeexpressproject@1.0.0
16 verbose cwd G:\mgcSw_DevD__Mongo\Wai-Yin Kwan\mgcNEp
17 error Windows_NT 6.1.7601
18 error argv "C:\\Program Files\\nodejs\\node.exe" "C:\\Program Files\\nodejs\\node_modules\\npm\\bin\\npm-cli.js" "run" "lint"
19 error node v6.2.0
20 error npm  v3.8.9
21 error code ELIFECYCLE
22 error mgcnodeexpressproject@1.0.0 lint: `eslint .`
22 error Exit status 1
23 error Failed at the mgcnodeexpressproject@1.0.0 lint script 'eslint .'.
23 error Make sure you have the latest version of node.js and npm installed.
23 error If you do, this is most likely a problem with the mgcnodeexpressproject package,
23 error not with npm itself.
23 error Tell the author that this fails on your system:
23 error     eslint .
23 error You can get information on how to open an issue for this project with:
23 error     npm bugs mgcnodeexpressproject
23 error Or if that isn't available, you can get their info via:
23 error     npm owner ls mgcnodeexpressproject
23 error There is likely additional logging output above.
24 verbose exit [ 1, true ]
